<?xml version="1.0" encoding="UTF-8"?>
<!-- Generated by org.testng.reporters.JUnitXMLReporter -->
<testsuite ignored="0" hostname="LAPTOP-FOQTCLO9" failures="0" tests="6" name="Default test" time="0.039" errors="0" timestamp="2022-01-10T11:51:30 IST">
  <testcase classname="anand.practice.SetPriority" name="f_method" time="0.005"/>
  <testcase classname="anand.practice.SetPriority" name="d_method" time="0.0"/>
  <testcase classname="anand.practice.SetPriority" name="b_method" time="0.0"/>
  <testcase classname="anand.practice.SetPriority" name="c_method" time="0.001"/>
  <testcase classname="anand.practice.SetPriority" name="e_method" time="0.001"/>
  <testcase classname="anand.practice.SetPriority" name="a_method" time="0.001"/>
</testsuite> <!-- Default test -->
