<?xml version="1.0" encoding="UTF-8"?>
<!-- Generated by org.testng.reporters.JUnitXMLReporter -->
<testsuite ignored="14" hostname="LAPTOP-FOQTCLO9" failures="0" tests="0" time="0.005" errors="0" timestamp="2022-01-10T19:02:29 IST">
  <testcase classname="anand.practice.Grouping" name="test" time="0.0">
    <ignored/>
  </testcase> <!-- test -->
  <testcase classname="anand.practice.Grouping" name="test2" time="0.0">
    <ignored/>
  </testcase> <!-- test2 -->
  <testcase classname="anand.practice.Grouping" name="test3" time="0.0">
    <ignored/>
  </testcase> <!-- test3 -->
  <testcase classname="anand.practice.Grouping" name="test4" time="0.0">
    <ignored/>
  </testcase> <!-- test4 -->
  <testcase classname="anand.practice.Grouping2" name="test7" time="0.0">
    <ignored/>
  </testcase> <!-- test7 -->
  <testcase classname="anand.practice.SetPriority" name="e_method" time="0.0">
    <ignored/>
  </testcase> <!-- e_method -->
  <testcase classname="anand.practice.Grouping2" name="test8" time="0.0">
    <ignored/>
  </testcase> <!-- test8 -->
  <testcase classname="anand.practice.SetPriority" name="b_method" time="0.0">
    <ignored/>
  </testcase> <!-- b_method -->
  <testcase classname="anand.practice.SetPriority" name="a_method" time="0.0">
    <ignored/>
  </testcase> <!-- a_method -->
  <testcase classname="anand.practice.Grouping2" name="test5" time="0.0">
    <ignored/>
  </testcase> <!-- test5 -->
  <testcase classname="anand.practice.SetPriority" name="d_method" time="0.0">
    <ignored/>
  </testcase> <!-- d_method -->
  <testcase classname="anand.practice.SetPriority" name="f_method" time="0.0">
    <ignored/>
  </testcase> <!-- f_method -->
  <testcase classname="anand.practice.Grouping2" name="test6" time="0.0">
    <ignored/>
  </testcase> <!-- test6 -->
  <testcase classname="anand.practice.SetPriority" name="c_method" time="0.0">
    <ignored/>
  </testcase> <!-- c_method -->
</testsuite>
