<?xml version="1.0" encoding="UTF-8"?>
<testsuite name="runner.TestRunner" time="32.393" tests="3" errors="1" skipped="0" failures="0">
  <properties>
[...]
</properties>
  <testcase name="Adding emplyoee" classname="Add Employee" time="10.794">
    <error message="Keys to send should be a not null CharSequence" type="java.lang.IllegalArgumentException">java.lang.IllegalArgumentException: Keys to send should be a not null CharSequence
	at org.openqa.selenium.remote.RemoteWebElement.sendKeys(RemoteWebElement.java:97)
	at java.base/jdk.internal.reflect.NativeMethodAccessorImpl.invoke0(Native Method)
	at java.base/jdk.internal.reflect.NativeMethodAccessorImpl.invoke(NativeMethodAccessorImpl.java:62)
	at java.base/jdk.internal.reflect.DelegatingMethodAccessorImpl.invoke(DelegatingMethodAccessorImpl.java:43)
	at java.base/java.lang.reflect.Method.invoke(Method.java:566)
	at org.openqa.selenium.support.pagefactory.internal.LocatingElementHandler.invoke(LocatingElementHandler.java:51)
	at com.sun.proxy.$Proxy21.sendKeys(Unknown Source)
	at pages.AddEmployeePage.enterFirstName(AddEmployeePage.java:45)
	at StepDefinitions.AddEmployeeSteps.User_enters_firstname(AddEmployeeSteps.java:44)
	at ✽.User enters firstname(file:///C:/Users/129866866/git/TLProgram/CucumberProject/src/test/java/Features/AddEmployee.feature:10)
</error>
    <system-out><![CDATA[
@AddEmployeeTest
Scenario: Adding emplyoee              # src/test/java/Features/AddEmployee.feature:4
  Given Browser is open for user       # StepDefinitions.AddEmployeeSteps.Browser_is_open_for_user()
  When User logs into application      # StepDefinitions.AddEmployeeSteps.user_logs_in()
  When User clicks on PIM menu item    # StepDefinitions.AddEmployeeSteps.User_clicks_on_PIM_menu_item()
  When User clicks on Add Employee tab # StepDefinitions.AddEmployeeSteps.User_clicks_on_Add_Employee_tab()
  Then User enters firstname           # StepDefinitions.AddEmployeeSteps.User_enters_firstname()
      java.lang.IllegalArgumentException: Keys to send should be a not null CharSequence
	at org.openqa.selenium.remote.RemoteWebElement.sendKeys(RemoteWebElement.java:97)
	at java.base/jdk.internal.reflect.NativeMethodAccessorImpl.invoke0(Native Method)
	at java.base/jdk.internal.reflect.NativeMethodAccessorImpl.invoke(NativeMethodAccessorImpl.java:62)
	at java.base/jdk.internal.reflect.DelegatingMethodAccessorImpl.invoke(DelegatingMethodAccessorImpl.java:43)
	at java.base/java.lang.reflect.Method.invoke(Method.java:566)
	at org.openqa.selenium.support.pagefactory.internal.LocatingElementHandler.invoke(LocatingElementHandler.java:51)
	at com.sun.proxy.$Proxy21.sendKeys(Unknown Source)
	at pages.AddEmployeePage.enterFirstName(AddEmployeePage.java:45)
	at StepDefinitions.AddEmployeeSteps.User_enters_firstname(AddEmployeeSteps.java:44)
	at âœ½.User enters firstname(file:///C:/Users/129866866/git/TLProgram/CucumberProject/src/test/java/Features/AddEmployee.feature:10)

  And User enters middlename           # StepDefinitions.AddEmployeeSteps.User_enters_middlename()
  And User enters lastname             # StepDefinitions.AddEmployeeSteps.User_enters_lastname()
  Then User Save the record            # StepDefinitions.AddEmployeeSteps.User_Save_then_record()
  Then User logsout of application     # StepDefinitions.AddEmployeeSteps.logout()
  And User closes the browser          # StepDefinitions.AddEmployeeSteps.User_closes_the_browser()
]]></system-out>
    <system-err><![CDATA[Starting ChromeDriver 94.0.4606.61 (418b78f5838ed0b1c69bb4e51ea0252171854915-refs/branch-heads/4606@{#1204}) on port 8090
Only local connections are allowed.
Please see https://chromedriver.chromium.org/security-considerations for suggestions on keeping ChromeDriver safe.
ChromeDriver was started successfully.
[1636403947.397][WARNING]: This version of ChromeDriver has not been tested with Chrome version 95.
Nov 08, 2021 8:39:07 PM org.openqa.selenium.remote.ProtocolHandshake createSession
INFO: Detected dialect: W3C
]]></system-err>
  </testcase>
  <testcase name="Skills to add" classname="Qualification fuctionality" time="13.136"/>
  <testcase name="Login with valid credentials" classname="Login Fuctionality" time="8.463"/>
</testsuite>